Started by user [8mha:////4AUDbHayNnIXFVFxdM0fFa7o2lPCAEQ0MdulVlSFXDq+AAAAlx+LCAAAAAAAAP9b85aBtbiIQTGjNKU4P08vOT+vOD8nVc83PyU1x6OyILUoJzMv2y+/JJUBAhiZGBgqihhk0NSjKDWzXb3RdlLBUSYGJk8GtpzUvPSSDB8G5tKinBIGIZ+sxLJE/ZzEvHT94JKizLx0a6BxUmjGOUNodHsLgAzWEgZu/dLi1CL9xJTczDwAj6GcLcAAAAA=[0madmin
[EnvInject] - Loading node environment variables.
[EnvInject] - Preparing an environment for the build.
[EnvInject] - Keeping Jenkins build variables.
[EnvInject] - Injecting contributions.
Building remotely on [8mha:////4I0qy5XH4KWpT5e2+egFi9tRSZ4yjmHGgzAOLY3bQOstAAAAoB+LCAAAAAAAAP9b85aBtbiIQTGjNKU4P08vOT+vOD8nVc83PyU1x6OyILUoJzMv2y+/JJUBAhiZGBgqihhk0NSjKDWzXb3RdlLBUSYGJk8GtpzUvPSSDB8G5tKinBIGIZ+sxLJE/ZzEvHT94JKizLx0a6BxUmjGOUNodHsLgAyuEgYR/eT83ILSktQi/cT01LyS+JLU4hIApPToXMkAAAA=[0magent_test (chrome linux squashtf) in workspace /var/jenkins_home/workspace/test_job/test_auto
using credential GitHub
Cloning the remote Git repository
Cloning repository https://github.com/bart-the-wacky/test_auto.git
 > git init /var/jenkins_home/workspace/test_job/test_auto # timeout=10
Fetching upstream changes from https://github.com/bart-the-wacky/test_auto.git
 > git --version # timeout=10
using GIT_ASKPASS to set credentials credentials pour Github
 > git fetch --tags --progress https://github.com/bart-the-wacky/test_auto.git +refs/heads/*:refs/remotes/test_auto/*
 > git config remote.test_auto.url https://github.com/bart-the-wacky/test_auto.git # timeout=10
 > git config --add remote.test_auto.fetch +refs/heads/*:refs/remotes/test_auto/* # timeout=10
 > git config remote.test_auto.url https://github.com/bart-the-wacky/test_auto.git # timeout=10
Fetching upstream changes from https://github.com/bart-the-wacky/test_auto.git
using GIT_ASKPASS to set credentials credentials pour Github
 > git fetch --tags --progress https://github.com/bart-the-wacky/test_auto.git +refs/heads/*:refs/remotes/test_auto/*
 > git rev-parse refs/remotes/test_auto/test_auto^{commit} # timeout=10
 > git rev-parse refs/remotes/test_auto/test_auto/test_auto^{commit} # timeout=10
Checking out Revision a9bd295113379f567bf704b612af997cded63e14 (refs/remotes/test_auto/test_auto)
 > git config core.sparsecheckout # timeout=10
 > git checkout -f a9bd295113379f567bf704b612af997cded63e14
Commit message: "derniere modif pour le screenshot 3"
 > git rev-list --no-walk a9bd295113379f567bf704b612af997cded63e14 # timeout=10
Checking for pre-build
Executing pre-build step
Checking if email needs to be generated
No emails were triggered.
Katalon Studio package has been downloaded already.
Using Katalon Studio at /home/jenkins/.katalon/6.2.1/Katalon_Studio_Linux_64-6.2.1
Making driver executables...
Drivers folder at: /home/jenkins/.katalon/6.2.1/Katalon_Studio_Linux_64-6.2.1/configuration/resources/drivers
Set chromedriver as executable !
Set geckodriver as executable !
Execute [sh, -c, xvfb-run -a -n 0 -s "-screen 1 1280x1024x24" /home/jenkins/.katalon/6.2.1/Katalon_Studio_Linux_64-6.2.1/katalon -noSplash  -runMode=console  -projectPath="/var/jenkins_home/workspace/test_job/test_auto"  -browserType="Chrome" -retry=0 -statusDelay=15 -testSuitePath="Test Suites/test_init" --config -webui.autoUpdateDrivers=true --no-sandbox -apiKey=4d90b6b4-8dcd-4242-968b-06128a89eaa2 -reportFolder="/var/jenkins_home/workspace/test_job/test_auto/Reports/test_init" -reportFileName="$BUILD_TAG""_chrome" ] in /tmp/katalon-1656294652111411395
Katalon workspace folder is set to default location: /home/jenkins/.katalon/6.2.1/Katalon_Studio_Linux_64-6.2.1/config
Starting Groovy-Eclipse compiler resolver.  Specified compiler level: unspecified
170 2.4.7.xx-201611170128-e46 = ACTIVE


INFO: Katalon Version: 6.2.1
INFO: Command-line arguments: -runMode=console -projectPath=/var/jenkins_home/workspace/test_job/test_auto -browserType=Chrome -retry=0 -statusDelay=15 -testSuitePath=Test Suites/test_init --config -webui.autoUpdateDrivers=true --no-sandbox -apiKey=****** -reportFolder=/var/jenkins_home/workspace/test_job/test_auto/Reports/test_init -reportFileName=jenkins-test_auto_chrome-37_chrome
INFO: User working dir: /tmp/katalon-1656294652111411395
INFO: User home: /home/jenkins
INFO: Java vendor: Oracle Corporation
INFO: Java version: 1.8.0_171
INFO: Local OS: Linux 64bit
INFO: CPU load: 47%
INFO: Total memory: 3948 MB
INFO: Free memory: 1409 MB


Start reloading plugins...
Latest plugins responses: [{"id":16173,"status":1,"expiration_date":null,"created_at":"2019-07-17T12:12:23.509Z","updated_at":"2019-07-17T12:12:23.509Z","active":true,"send_expiration_mail":false,"send_expiration_reminder_mail":false,"user_id":10729,"bundled_plugin_id":null,"product":{"id":59,"plugin_id":null,"name":"Basic Report","description":"Basic Report Plugin is a Custom Keyword that replaces for the current Report feature of Katalon Studio. Since version 6.1.5, the Report feature has been migrated to Basic Report plugin.","logo":"m3j3hddvlvinco5i-BasicReport_140px.png","repository":"https://github.com/katalon-studio/katalon-studio-basic-report-plugin","documentation":"https://github.com/katalon-studio/katalon-studio-report-plugin/blob/master/docs/tutorials/usage.md","reference":null,"license":"","release_date":null,"qa_url":null,"status":1,"created_at":"2019-04-26T09:41:28.208Z","updated_at":"2019-06-20T08:47:11.762Z","overview":"Basic Report Plugin is a Custom Keyword that replaces for the current Report feature of Katalon Studio. Since [version 6.1.5](https://docs.katalon.com/katalon-studio/new/version-615.html), the Report feature has been migrated to Basic Report plugin.  Users need to install this plugin to continue using the feature.\r\n\r\n### Basic Report Plugin provides:\r\n- Generates automatically report from Test Suite report after every test execution with various formats: HTML, CSV, JUnit, and PDF.\r\n- Allows users to export manually Test Suite and Test Suite collection report to HTML, CSV, JUnit, and PDF. Right click on the report and choose Export as.\r\n\r\nFor more details, refer to [Basic Report document](https://docs.katalon.com/katalon-studio/docs/basic-report.html).\r\n","price":null,"stripe_product_id":null,"reject_reason":null,"latest_version_number":null,"product_type_id":2,"marketplace_id":null,"product_versions":[{"id":118,"number":"1.0.2","status":1,"created_at":"2019-05-15T04:35:14.552Z","updated_at":"2019-06-20T08:47:20.952Z","min_app_version":"6.1.5","max_app_version":null,"change_log":""},{"id":99,"number":"1.0.1","status":1,"created_at":"2019-04-26T09:41:28.242Z","updated_at":"2019-06-20T08:47:20.953Z","min_app_version":"6.1.5","max_app_version":null,"change_log":""},{"id":145,"number":"1.0.5","status":1,"created_at":"2019-06-20T08:44:52.820Z","updated_at":"2019-06-20T08:47:20.944Z","min_app_version":"6.2.0","max_app_version":null,"change_log":""},{"id":129,"number":"1.0.4","status":1,"created_at":"2019-05-24T09:48:58.985Z","updated_at":"2019-06-20T08:47:20.947Z","min_app_version":"6.2.0","max_app_version":null,"change_log":""},{"id":127,"number":"1.0.3","status":1,"created_at":"2019-05-24T02:43:18.285Z","updated_at":"2019-06-20T08:47:20.949Z","min_app_version":"6.1.5","max_app_version":null,"change_log":""}],"product_type":{"id":2,"name":"Custom Keywords Plugin","description":"Custom Keywords Plugin","sequence":1,"created_at":"2019-03-14T08:13:50.036Z","updated_at":"2019-03-14T08:13:50.036Z","view_type":0},"product_categories":[{"id":2,"name":"Utilities","short_name":"","description":"Utilities","order":2,"hide":false,"use_carousel":true,"created_at":"2019-06-13T08:48:28.556Z","updated_at":"2019-06-13T08:48:28.556Z","product_join_category":{"id":22,"created_at":"2019-06-13T08:47:46.501Z","updated_at":"2019-06-13T08:47:46.501Z","product_id":59,"category_id":2}}],"logoUrl":"https://katalon-store.s3.amazonaws.com/m3j3hddvlvinco5i-BasicReport_140px.png","categories":"Utilities","url":"/product/59"},"license_type":{"id":1,"name":"Free","active":true,"day":null,"month":null,"year":null,"created_at":"2019-01-30T01:47:14.080Z","updated_at":"2019-01-30T01:47:14.080Z"},"free":true,"trial":false,"paid":false,"expired":false,"canceled":false,"uninstalled":false,"finalized":false,"compatible_versions":[{"id":118,"number":"1.0.2","status":1,"created_at":"2019-05-15T04:35:14.552Z","updated_at":"2019-06-20T08:47:20.952Z","min_app_version":"6.1.5","max_app_version":null,"change_log":""},{"id":99,"number":"1.0.1","status":1,"created_at":"2019-04-26T09:41:28.242Z","updated_at":"2019-06-20T08:47:20.953Z","min_app_version":"6.1.5","max_app_version":null,"change_log":""},{"id":145,"number":"1.0.5","status":1,"created_at":"2019-06-20T08:44:52.820Z","updated_at":"2019-06-20T08:47:20.944Z","min_app_version":"6.2.0","max_app_version":null,"change_log":""},{"id":129,"number":"1.0.4","status":1,"created_at":"2019-05-24T09:48:58.985Z","updated_at":"2019-06-20T08:47:20.947Z","min_app_version":"6.2.0","max_app_version":null,"change_log":""},{"id":127,"number":"1.0.3","status":1,"created_at":"2019-05-24T02:43:18.285Z","updated_at":"2019-06-20T08:47:20.949Z","min_app_version":"6.1.5","max_app_version":null,"change_log":""}],"latest_compatible_version":{"id":145,"number":"1.0.5","status":1,"created_at":"2019-06-20T08:44:52.820Z","updated_at":"2019-06-20T08:47:20.944Z","min_app_version":"6.2.0","max_app_version":null,"change_log":""},"current_version":{"id":145,"number":"1.0.5","status":1,"created_at":"2019-06-20T08:44:52.820Z","updated_at":"2019-06-20T08:47:20.944Z","min_app_version":"6.2.0","max_app_version":null,"change_log":""},"latest_version":{"id":145,"number":"1.0.5","status":1,"created_at":"2019-06-20T08:44:52.820Z","updated_at":"2019-06-20T08:47:20.944Z","min_app_version":"6.2.0","max_app_version":null,"change_log":""},"created_date":"July 17th 2019, 12:12 pm"}]
Katalon version: 6.2.1
Plugin info URL: https://store.katalon.com/api/products/ks?appVersion=6.2.1
Plugin info: {
  "expired": false,
  "productId": 59,
  "name": "Basic Report",
  "id": 16173
}
Plugin ID: 16173. Plugin location: /home/jenkins/.katalon/6.2.1/Katalon_Studio_Linux_64-6.2.1/configuration/plugin/install/16173/1.0.5/katalon-studio-report-plugin.jar.
Plugin "Basic Report" has been installed.
Project path is a folder.
Examine file 'test_auto.prj'.
Found project file '/var/jenkins_home/workspace/test_job/test_auto/test_auto.prj'.
Examine file '.project'.
Examine folder 'Scripts'.
Examine folder '.git'.
Examine folder '.vscode'.
Examine folder 'Test Cases'.
Examine folder 'Object Repository'.
Examine folder 'Libs'.
Examine folder 'Test Suites'.
Examine folder '.settings'.
Examine folder 'bin'.
Examine file 'README.md'.
Examine folder 'Profiles'.
Examine folder 'Include'.
Examine folder 'settings'.
Examine file 'console.properties'.
Examine file '.classpath'.
Delete folder: bin
Delete folder: Libs
Opening project file: /var/jenkins_home/workspace/test_job/test_auto/test_auto.prj
Parsing custom keywords in Plugins folder...
Generating global variables...
java.lang.NullPointerException: Cannot invoke method close() on null object
	at org.codehaus.groovy.runtime.NullObject.invokeMethod(NullObject.java:91)
	at org.codehaus.groovy.runtime.callsite.PogoMetaClassSite.call(PogoMetaClassSite.java:48)
	at org.codehaus.groovy.runtime.callsite.CallSiteArray.defaultCall(CallSiteArray.java:48)
	at org.codehaus.groovy.runtime.callsite.NullCallSite.call(NullCallSite.java:35)
	at org.codehaus.groovy.runtime.callsite.CallSiteArray.defaultCall(CallSiteArray.java:48)
	at org.codehaus.groovy.runtime.callsite.AbstractCallSite.call(AbstractCallSite.java:113)
	at org.codehaus.groovy.runtime.callsite.AbstractCallSite.call(AbstractCallSite.java:117)
	at com.kms.katalon.custom.generation.GlobalVariableTemplate.generateGlobalVariableFile(GlobalVariableTemplate.groovy:104)
	at sun.reflect.NativeMethodAccessorImpl.invoke0(Native Method)
	at sun.reflect.NativeMethodAccessorImpl.invoke(NativeMethodAccessorImpl.java:62)
	at sun.reflect.DelegatingMethodAccessorImpl.invoke(DelegatingMethodAccessorImpl.java:43)
	at java.lang.reflect.Method.invoke(Method.java:498)
	at org.codehaus.groovy.reflection.CachedMethod.invoke(CachedMethod.java:93)
	at groovy.lang.MetaMethod.doMethodInvoke(MetaMethod.java:325)
	at groovy.lang.MetaClassImpl.invokeMethod(MetaClassImpl.java:1215)
	at groovy.lang.MetaClassImpl.invokeMethod(MetaClassImpl.java:1024)
	at groovy.lang.MetaClassImpl.invokeMethod(MetaClassImpl.java:812)
	at com.kms.katalon.custom.generation.GlobalVariableTemplate.invokeMethod(GlobalVariableTemplate.groovy)
	at com.kms.katalon.custom.parser.GlobalVariableParser.generateGlobalVariableFile(GlobalVariableParser.java:57)
	at com.kms.katalon.custom.parser.GlobalVariableParser.generateGlobalVariableLibFile(GlobalVariableParser.java:45)
	at com.kms.katalon.controller.GlobalVariableController.generateGlobalVariableLibFile(GlobalVariableController.java:65)
	at com.kms.katalon.controller.ProjectController.openProject(ProjectController.java:149)
	at com.kms.katalon.execution.console.ConsoleMain.getProject(ConsoleMain.java:330)
	at com.kms.katalon.execution.console.ConsoleMain.findProject(ConsoleMain.java:225)
	at com.kms.katalon.execution.console.ConsoleMain.launch(ConsoleMain.java:128)
	at com.kms.katalon.console.application.Application.runConsole(Application.java:76)
	at com.kms.katalon.core.application.Application.runConsole(Application.java:87)
	at com.kms.katalon.core.application.Application.start(Application.java:70)
	at org.eclipse.equinox.internal.app.EclipseAppHandle.run(EclipseAppHandle.java:196)
	at org.eclipse.core.runtime.internal.adaptor.EclipseAppLauncher.runApplication(EclipseAppLauncher.java:134)
	at org.eclipse.core.runtime.internal.adaptor.EclipseAppLauncher.start(EclipseAppLauncher.java:104)
	at org.eclipse.core.runtime.adaptor.EclipseStarter.run(EclipseStarter.java:388)
	at org.eclipse.core.runtime.adaptor.EclipseStarter.run(EclipseStarter.java:243)
	at sun.reflect.NativeMethodAccessorImpl.invoke0(Native Method)
	at sun.reflect.NativeMethodAccessorImpl.invoke(NativeMethodAccessorImpl.java:62)
	at sun.reflect.DelegatingMethodAccessorImpl.invoke(DelegatingMethodAccessorImpl.java:43)
	at java.lang.reflect.Method.invoke(Method.java:498)
	at org.eclipse.equinox.launcher.Main.invokeFramework(Main.java:673)
	at org.eclipse.equinox.launcher.Main.basicRun(Main.java:610)
	at org.eclipse.equinox.launcher.Main.run(Main.java:1519)
	at org.eclipse.equinox.launcher.Main.main(Main.java:1492)

Build step 'Execute Katalon Studio Tests' marked build as failure
Archiving artifacts
[htmlpublisher] Archiving HTML reports...
[htmlpublisher] Archiving at BUILD level /var/jenkins_home/workspace/test_job/test_auto/Reports/test_init to /var/jenkins_home/jobs/test_auto_chrome/builds/37/htmlreports/Rapport_HTML_chrome
Sending e-mails to: bart_the_wacky@hotmail.com
Checking for post-build
Performing post-build step
Checking if email needs to be generated
Email was triggered for: Failure - Any
Sending email for trigger: Failure - Any
messageContentType = text/html; charset=UTF-8
Request made to attach build log
Emergency reroute turned on
Analyzing: bart.the.wacky@gmail.com
Looking for: bart.the.wacky@gmail.com
	starting at: 0
	firstFoundIdx: 0
	firstFoundIdx-substring: bart.the.wacky@gmail.com
	=> found type: 0
Analyzing: bart.the.wacky@gmail.com
Looking for: bart.the.wacky@gmail.com
	starting at: 0
	firstFoundIdx: 0
	firstFoundIdx-substring: bart.the.wacky@gmail.com
	=> found type: 0
Analyzing: bart.the.wacky@gmail.com
Looking for: bart.the.wacky@gmail.com
	starting at: 0
	firstFoundIdx: 0
	firstFoundIdx-substring: bart.the.wacky@gmail.com
	=> found type: 0
Emergency reroute is set to: bart.the.wacky@gmail.com
Analyzing: bart.the.wacky@gmail.com
Looking for: bart.the.wacky@gmail.com
	starting at: 0
	firstFoundIdx: 0
	firstFoundIdx-substring: bart.the.wacky@gmail.com
	=> found type: 0
Analyzing: bart.the.wacky@gmail.com
Looking for: bart.the.wacky@gmail.com
	starting at: 0
	firstFoundIdx: 0
	firstFoundIdx-substring: bart.the.wacky@gmail.com
	=> found type: 0
Successfully created MimeMessage
Sending email to: bart.the.wacky@gmail.com
[WS-CLEANUP] Deleting project workspace...
[WS-CLEANUP] Skipped based on build state FAILURE
Finished: FAILURE
