Started by user [8mha:////4AUDbHayNnIXFVFxdM0fFa7o2lPCAEQ0MdulVlSFXDq+AAAAlx+LCAAAAAAAAP9b85aBtbiIQTGjNKU4P08vOT+vOD8nVc83PyU1x6OyILUoJzMv2y+/JJUBAhiZGBgqihhk0NSjKDWzXb3RdlLBUSYGJk8GtpzUvPSSDB8G5tKinBIGIZ+sxLJE/ZzEvHT94JKizLx0a6BxUmjGOUNodHsLgAzWEgZu/dLi1CL9xJTczDwAj6GcLcAAAAA=[0madmin
[EnvInject] - Loading node environment variables.
[EnvInject] - Preparing an environment for the build.
[EnvInject] - Keeping Jenkins build variables.
[EnvInject] - Injecting contributions.
Building remotely on [8mha:////4I0qy5XH4KWpT5e2+egFi9tRSZ4yjmHGgzAOLY3bQOstAAAAoB+LCAAAAAAAAP9b85aBtbiIQTGjNKU4P08vOT+vOD8nVc83PyU1x6OyILUoJzMv2y+/JJUBAhiZGBgqihhk0NSjKDWzXb3RdlLBUSYGJk8GtpzUvPSSDB8G5tKinBIGIZ+sxLJE/ZzEvHT94JKizLx0a6BxUmjGOUNodHsLgAyuEgYR/eT83ILSktQi/cT01LyS+JLU4hIApPToXMkAAAA=[0magent_test (chrome linux squashtf) in workspace /var/jenkins_home/workspace/test_job/test_auto
using credential GitHub
Cloning the remote Git repository
Cloning repository https://github.com/bart-the-wacky/test_auto.git
 > git init /var/jenkins_home/workspace/test_job/test_auto # timeout=10
Fetching upstream changes from https://github.com/bart-the-wacky/test_auto.git
 > git --version # timeout=10
using GIT_ASKPASS to set credentials credentials pour Github
 > git fetch --tags --progress https://github.com/bart-the-wacky/test_auto.git +refs/heads/*:refs/remotes/test_auto/*
 > git config remote.test_auto.url https://github.com/bart-the-wacky/test_auto.git # timeout=10
 > git config --add remote.test_auto.fetch +refs/heads/*:refs/remotes/test_auto/* # timeout=10
 > git config remote.test_auto.url https://github.com/bart-the-wacky/test_auto.git # timeout=10
Fetching upstream changes from https://github.com/bart-the-wacky/test_auto.git
using GIT_ASKPASS to set credentials credentials pour Github
 > git fetch --tags --progress https://github.com/bart-the-wacky/test_auto.git +refs/heads/*:refs/remotes/test_auto/*
 > git rev-parse refs/remotes/test_auto/test_auto^{commit} # timeout=10
 > git rev-parse refs/remotes/test_auto/test_auto/test_auto^{commit} # timeout=10
Checking out Revision 54ed4fe991ffd1a68bc6d6f28e7e868bd5d82d92 (refs/remotes/test_auto/test_auto)
 > git config core.sparsecheckout # timeout=10
 > git checkout -f 54ed4fe991ffd1a68bc6d6f28e7e868bd5d82d92
Commit message: "modification du xpath final"
 > git rev-list --no-walk 54ed4fe991ffd1a68bc6d6f28e7e868bd5d82d92 # timeout=10
Checking for pre-build
Executing pre-build step
Checking if email needs to be generated
No emails were triggered.
Katalon Studio package has been downloaded already.
Using Katalon Studio at /home/jenkins/.katalon/6.2.1/Katalon_Studio_Linux_64-6.2.1
Making driver executables...
Drivers folder at: /home/jenkins/.katalon/6.2.1/Katalon_Studio_Linux_64-6.2.1/configuration/resources/drivers
Set chromedriver as executable !
Set geckodriver as executable !
Execute [sh, -c, xvfb-run -a -n 0 -s "-screen 1 1024x768x32" /home/jenkins/.katalon/6.2.1/Katalon_Studio_Linux_64-6.2.1/katalon -noSplash  -runMode=console  -browserType="Chrome" -retry=0 -statusDelay=15 -testSuitePath="Test Suites/test_init" -projectPath="/var/jenkins_home/workspace/test_job/test_auto" --config -webui.autoUpdateDrivers=true --no-sandbox -apiKey=4d90b6b4-8dcd-4242-968b-06128a89eaa2 -reportFolder="/var/jenkins_home/workspace/test_job/test_auto/Reports/test_init" -reportFileName="$BUILD_TAG""_chrome" ] in /tmp/katalon-2445295226574805869
Katalon workspace folder is set to default location: /home/jenkins/.katalon/6.2.1/Katalon_Studio_Linux_64-6.2.1/config
Starting Groovy-Eclipse compiler resolver.  Specified compiler level: unspecified
170 2.4.7.xx-201611170128-e46 = ACTIVE


INFO: Katalon Version: 6.2.1
INFO: Command-line arguments: -runMode=console -browserType=Chrome -retry=0 -statusDelay=15 -testSuitePath=Test Suites/test_init -projectPath=/var/jenkins_home/workspace/test_job/test_auto --config -webui.autoUpdateDrivers=true --no-sandbox -apiKey=****** -reportFolder=/var/jenkins_home/workspace/test_job/test_auto/Reports/test_init -reportFileName=jenkins-test_auto_chrome-25_chrome
INFO: User working dir: /tmp/katalon-2445295226574805869
INFO: User home: /home/jenkins
INFO: Java vendor: Oracle Corporation
INFO: Java version: 1.8.0_171
INFO: Local OS: Linux 64bit
INFO: CPU load: 97%
INFO: Total memory: 3948 MB
INFO: Free memory: 1779 MB


Start reloading plugins...
Latest plugins responses: [{"id":16173,"status":1,"expiration_date":null,"created_at":"2019-07-17T12:12:23.509Z","updated_at":"2019-07-17T12:12:23.509Z","active":true,"send_expiration_mail":false,"send_expiration_reminder_mail":false,"user_id":10729,"bundled_plugin_id":null,"product":{"id":59,"plugin_id":null,"name":"Basic Report","description":"Basic Report Plugin is a Custom Keyword that replaces for the current Report feature of Katalon Studio. Since version 6.1.5, the Report feature has been migrated to Basic Report plugin.","logo":"m3j3hddvlvinco5i-BasicReport_140px.png","repository":"https://github.com/katalon-studio/katalon-studio-basic-report-plugin","documentation":"https://github.com/katalon-studio/katalon-studio-report-plugin/blob/master/docs/tutorials/usage.md","reference":null,"license":"","release_date":null,"qa_url":null,"status":1,"created_at":"2019-04-26T09:41:28.208Z","updated_at":"2019-06-20T08:47:11.762Z","overview":"Basic Report Plugin is a Custom Keyword that replaces for the current Report feature of Katalon Studio. Since [version 6.1.5](https://docs.katalon.com/katalon-studio/new/version-615.html), the Report feature has been migrated to Basic Report plugin.  Users need to install this plugin to continue using the feature.\r\n\r\n### Basic Report Plugin provides:\r\n- Generates automatically report from Test Suite report after every test execution with various formats: HTML, CSV, JUnit, and PDF.\r\n- Allows users to export manually Test Suite and Test Suite collection report to HTML, CSV, JUnit, and PDF. Right click on the report and choose Export as.\r\n\r\nFor more details, refer to [Basic Report document](https://docs.katalon.com/katalon-studio/docs/basic-report.html).\r\n","price":null,"stripe_product_id":null,"reject_reason":null,"latest_version_number":null,"product_type_id":2,"marketplace_id":null,"product_versions":[{"id":118,"number":"1.0.2","status":1,"created_at":"2019-05-15T04:35:14.552Z","updated_at":"2019-06-20T08:47:20.952Z","min_app_version":"6.1.5","max_app_version":null,"change_log":""},{"id":99,"number":"1.0.1","status":1,"created_at":"2019-04-26T09:41:28.242Z","updated_at":"2019-06-20T08:47:20.953Z","min_app_version":"6.1.5","max_app_version":null,"change_log":""},{"id":145,"number":"1.0.5","status":1,"created_at":"2019-06-20T08:44:52.820Z","updated_at":"2019-06-20T08:47:20.944Z","min_app_version":"6.2.0","max_app_version":null,"change_log":""},{"id":129,"number":"1.0.4","status":1,"created_at":"2019-05-24T09:48:58.985Z","updated_at":"2019-06-20T08:47:20.947Z","min_app_version":"6.2.0","max_app_version":null,"change_log":""},{"id":127,"number":"1.0.3","status":1,"created_at":"2019-05-24T02:43:18.285Z","updated_at":"2019-06-20T08:47:20.949Z","min_app_version":"6.1.5","max_app_version":null,"change_log":""}],"product_type":{"id":2,"name":"Custom Keywords Plugin","description":"Custom Keywords Plugin","sequence":1,"created_at":"2019-03-14T08:13:50.036Z","updated_at":"2019-03-14T08:13:50.036Z","view_type":0},"product_categories":[{"id":2,"name":"Utilities","short_name":"","description":"Utilities","order":2,"hide":false,"use_carousel":true,"created_at":"2019-06-13T08:48:28.556Z","updated_at":"2019-06-13T08:48:28.556Z","product_join_category":{"id":22,"created_at":"2019-06-13T08:47:46.501Z","updated_at":"2019-06-13T08:47:46.501Z","product_id":59,"category_id":2}}],"logoUrl":"https://katalon-store.s3.amazonaws.com/m3j3hddvlvinco5i-BasicReport_140px.png","categories":"Utilities","url":"/product/59"},"license_type":{"id":1,"name":"Free","active":true,"day":null,"month":null,"year":null,"created_at":"2019-01-30T01:47:14.080Z","updated_at":"2019-01-30T01:47:14.080Z"},"free":true,"trial":false,"paid":false,"expired":false,"canceled":false,"uninstalled":false,"finalized":false,"compatible_versions":[{"id":118,"number":"1.0.2","status":1,"created_at":"2019-05-15T04:35:14.552Z","updated_at":"2019-06-20T08:47:20.952Z","min_app_version":"6.1.5","max_app_version":null,"change_log":""},{"id":99,"number":"1.0.1","status":1,"created_at":"2019-04-26T09:41:28.242Z","updated_at":"2019-06-20T08:47:20.953Z","min_app_version":"6.1.5","max_app_version":null,"change_log":""},{"id":145,"number":"1.0.5","status":1,"created_at":"2019-06-20T08:44:52.820Z","updated_at":"2019-06-20T08:47:20.944Z","min_app_version":"6.2.0","max_app_version":null,"change_log":""},{"id":129,"number":"1.0.4","status":1,"created_at":"2019-05-24T09:48:58.985Z","updated_at":"2019-06-20T08:47:20.947Z","min_app_version":"6.2.0","max_app_version":null,"change_log":""},{"id":127,"number":"1.0.3","status":1,"created_at":"2019-05-24T02:43:18.285Z","updated_at":"2019-06-20T08:47:20.949Z","min_app_version":"6.1.5","max_app_version":null,"change_log":""}],"latest_compatible_version":{"id":145,"number":"1.0.5","status":1,"created_at":"2019-06-20T08:44:52.820Z","updated_at":"2019-06-20T08:47:20.944Z","min_app_version":"6.2.0","max_app_version":null,"change_log":""},"current_version":{"id":145,"number":"1.0.5","status":1,"created_at":"2019-06-20T08:44:52.820Z","updated_at":"2019-06-20T08:47:20.944Z","min_app_version":"6.2.0","max_app_version":null,"change_log":""},"latest_version":{"id":145,"number":"1.0.5","status":1,"created_at":"2019-06-20T08:44:52.820Z","updated_at":"2019-06-20T08:47:20.944Z","min_app_version":"6.2.0","max_app_version":null,"change_log":""},"created_date":"July 17th 2019, 12:12 pm"}]
Katalon version: 6.2.1
Plugin info URL: https://store.katalon.com/api/products/ks?appVersion=6.2.1
Plugin info: {
  "expired": false,
  "productId": 59,
  "name": "Basic Report",
  "id": 16173
}
Plugin ID: 16173. Plugin location: /home/jenkins/.katalon/6.2.1/Katalon_Studio_Linux_64-6.2.1/configuration/plugin/install/16173/1.0.5/katalon-studio-report-plugin.jar.
Plugin "Basic Report" has been installed.
Project path is a folder.
Examine file 'test_auto.prj'.
Found project file '/var/jenkins_home/workspace/test_job/test_auto/test_auto.prj'.
Examine file '.project'.
Examine folder 'Scripts'.
Examine folder '.git'.
Examine folder '.vscode'.
Examine folder 'Test Cases'.
Examine folder 'Object Repository'.
Examine folder 'Libs'.
Examine folder 'Test Suites'.
Examine folder '.settings'.
Examine folder 'bin'.
Examine file 'README.md'.
Examine folder 'Profiles'.
Examine folder 'Include'.
Examine folder 'settings'.
Examine file 'console.properties'.
Examine file '.classpath'.
Delete folder: bin
Delete folder: Libs
Opening project file: /var/jenkins_home/workspace/test_job/test_auto/test_auto.prj
Parsing custom keywords in Plugins folder...
Generating global variables...
Parsing custom keywords...
Project 'test_auto' opened
[INFO] Using WebDriverManager to resolve chrome
[DEBUG] Driver for chrome75 not found in local properties
[INFO] Using chromedriver 75.0.3770.140 (since Google Chrome 75 is installed in your machine)
[INFO] Reading https://chromedriver.storage.googleapis.com/ to seek chromedriver
[INFO] Downloading https://chromedriver.storage.googleapis.com/75.0.3770.140/chromedriver_linux64.zip
[INFO] Extracting binary from compressed file chromedriver_linux64.zip
[INFO] Overriding former binary /home/jenkins/.katalon/6.2.1/Katalon_Studio_Linux_64-6.2.1/configuration/resources/temp/webdriver/chromedriver
[INFO] Resulting binary /home/jenkins/.katalon/6.2.1/Katalon_Studio_Linux_64-6.2.1/configuration/resources/temp/webdriver/chromedriver
Chrome driver is located at: /home/jenkins/.katalon/6.2.1/Katalon_Studio_Linux_64-6.2.1/configuration/resources/temp/webdriver/chromedriver

--------------------------------------------------------------------------------
Test Suites/test_init - Chrome - 20190723_095340.........................0/3(0%)
--------------------------------------------------------------------------------

2019-07-23 09:53:51.596 INFO  c.k.katalon.core.main.TestSuiteExecutor  - START Test Suites/test_init
2019-07-23 09:53:51.810 INFO  c.k.katalon.core.main.TestSuiteExecutor  - hostName = jenkins - 56a4f166d459
2019-07-23 09:53:51.816 INFO  c.k.katalon.core.main.TestSuiteExecutor  - os = Linux 64bit
2019-07-23 09:53:51.834 INFO  c.k.katalon.core.main.TestSuiteExecutor  - hostAddress = 172.17.0.3
2019-07-23 09:53:51.845 INFO  c.k.katalon.core.main.TestSuiteExecutor  - katalonVersion = 6.2.1.2
2019-07-23 09:53:52.971 INFO  c.k.katalon.core.main.TestCaseExecutor   - --------------------
2019-07-23 09:53:52.974 INFO  c.k.katalon.core.main.TestCaseExecutor   - START Test Cases/test_case_chrome
Start recording video for test case 'Test Cases/test_case_chrome'.
2019-07-23 09:53:53.244 INFO  c.k.katalon.core.main.TestCaseExecutor   - END Test Cases/test_case_chrome
Caught: java.awt.AWTError: Can't connect to X11 window server using ':10' as the value of the DISPLAY variable.
java.awt.AWTError: Can't connect to X11 window server using ':10' as the value of the DISPLAY variable.
	at com.kms.katalon.core.helper.screenrecorder.ATUVideoRecorder.recorder(ATUVideoRecorder.java:85)
	at com.kms.katalon.core.helper.screenrecorder.ATUVideoRecorder.<init>(ATUVideoRecorder.java:74)
	at com.kms.katalon.core.helper.screenrecorder.VideoRecorder.initRecorder(VideoRecorder.java:37)
	at com.kms.katalon.core.helper.screenrecorder.VideoRecorder.<init>(VideoRecorder.java:15)
	at com.kms.katalon.core.helper.screenrecorder.VideoRecorderBuilder.create(VideoRecorderBuilder.java:40)
	at com.kms.katalon.core.context.internal.VideoRecorderService.handleListenerEvent(VideoRecorderService.java:63)
	at com.kms.katalon.core.context.internal.ExecutionEventManager.publicEvent(ExecutionEventManager.java:36)
	at com.kms.katalon.core.main.TestCaseExecutor.execute(TestCaseExecutor.java:219)
	at com.kms.katalon.core.main.TestSuiteExecutor.accessTestCaseMainPhase(TestSuiteExecutor.java:133)
	at com.kms.katalon.core.main.TestSuiteExecutor.accessTestSuiteMainPhase(TestSuiteExecutor.java:116)
	at com.kms.katalon.core.main.TestSuiteExecutor.execute(TestSuiteExecutor.java:83)
	at com.kms.katalon.core.main.TestCaseMain.startTestSuite(TestCaseMain.java:157)
	at com.kms.katalon.core.main.TestCaseMain$startTestSuite$0.call(Unknown Source)
	at TempTestSuite1563875621008.run(TempTestSuite1563875621008.groovy:35)
Launcher status after execution process completed: Running
KA: Unexpected response code from KA server when sending request to URL: https://analytics.katalon.com/api/v1/katalon/test-reports/update-result?projectId=27883. Actual: 400, Expected: 200
Start writing execution.uuid file to folder: /var/jenkins_home/workspace/test_job/test_auto/Reports/test_init/20190723_095340
Copying report to folder /var/jenkins_home/workspace/test_job/test_auto/Reports/test_init...
Uploading report to Katalon Analytics...
Start sending test result to Katalon Analytics
Uploading log files in folder path: /var/jenkins_home/workspace/test_job/test_auto/Reports/test_init/20190723_095340
Sending file: /var/jenkins_home/workspace/test_job/test_auto/Reports/test_init/20190723_095340/execution.uuid
KA: Start uploading report to KA server: https://analytics.katalon.com
Sending file: /var/jenkins_home/workspace/test_job/test_auto/Reports/test_init/20190723_095340/execution0.log
KA: Start uploading report to KA server: https://analytics.katalon.com
Sending file: /var/jenkins_home/workspace/test_job/test_auto/Reports/test_init/20190723_095340/execution.properties
KA: Start uploading report to KA server: https://analytics.katalon.com

--------------------------------------------------------------------------------
Test Suites/test_init - Chrome - 20190723_095340........................1/3(33%)
--------------------------------------------------------------------------------

Katalon Analytics - Execution URL: https://analytics.katalon.com/team/21720/project/27883/executions/251
End sending to Katalon Analytics
Report has been sent to Katalon Analytics

--------------------------------------------------------------------------------
Test Suites/test_init - Chrome - 20190723_095340........................1/3(33%)
--------------------------------------------------------------------------------

Build step 'Execute Katalon Studio Tests' marked build as failure
Archiving artifacts
[htmlpublisher] Archiving HTML reports...
[htmlpublisher] Archiving at BUILD level /var/jenkins_home/workspace/test_job/test_auto/Reports/test_init to /var/jenkins_home/jobs/test_auto_chrome/builds/25/htmlreports/Rapport_HTML_chrome
Sending e-mails to: bart_the_wacky@hotmail.com
Checking for post-build
Performing post-build step
Checking if email needs to be generated
Email was triggered for: Failure - Any
Sending email for trigger: Failure - Any
messageContentType = text/html; charset=UTF-8
Request made to attach build log
Emergency reroute turned on
Analyzing: bart.the.wacky@gmail.com
Looking for: bart.the.wacky@gmail.com
	starting at: 0
	firstFoundIdx: 0
	firstFoundIdx-substring: bart.the.wacky@gmail.com
	=> found type: 0
Analyzing: bart.the.wacky@gmail.com
Looking for: bart.the.wacky@gmail.com
	starting at: 0
	firstFoundIdx: 0
	firstFoundIdx-substring: bart.the.wacky@gmail.com
	=> found type: 0
Analyzing: bart.the.wacky@gmail.com
Looking for: bart.the.wacky@gmail.com
	starting at: 0
	firstFoundIdx: 0
	firstFoundIdx-substring: bart.the.wacky@gmail.com
	=> found type: 0
Emergency reroute is set to: bart.the.wacky@gmail.com
Analyzing: bart.the.wacky@gmail.com
Looking for: bart.the.wacky@gmail.com
	starting at: 0
	firstFoundIdx: 0
	firstFoundIdx-substring: bart.the.wacky@gmail.com
	=> found type: 0
Analyzing: bart.the.wacky@gmail.com
Looking for: bart.the.wacky@gmail.com
	starting at: 0
	firstFoundIdx: 0
	firstFoundIdx-substring: bart.the.wacky@gmail.com
	=> found type: 0
Successfully created MimeMessage
Sending email to: bart.the.wacky@gmail.com
[WS-CLEANUP] Deleting project workspace...
[WS-CLEANUP] Skipped based on build state FAILURE
Finished: FAILURE
