Started by user [8mha:////4AUDbHayNnIXFVFxdM0fFa7o2lPCAEQ0MdulVlSFXDq+AAAAlx+LCAAAAAAAAP9b85aBtbiIQTGjNKU4P08vOT+vOD8nVc83PyU1x6OyILUoJzMv2y+/JJUBAhiZGBgqihhk0NSjKDWzXb3RdlLBUSYGJk8GtpzUvPSSDB8G5tKinBIGIZ+sxLJE/ZzEvHT94JKizLx0a6BxUmjGOUNodHsLgAzWEgZu/dLi1CL9xJTczDwAj6GcLcAAAAA=[0madmin
[EnvInject] - Loading node environment variables.
[EnvInject] - Preparing an environment for the build.
[EnvInject] - Keeping Jenkins build variables.
[EnvInject] - Injecting contributions.
Building remotely on [8mha:////4FlwIsXMjDD2adClQOI3w7yjcL9NaOOqVSZqR8SUffqBAAAAoh+LCAAAAAAAAP9b85aBtbiIQTGjNKU4P08vOT+vOD8nVc83PyU1x6OyILUoJzMv2y+/JJUBAhiZGBgqihhk0NSjKDWzXb3RdlLBUSYGJk8GtpzUvPSSDB8G5tKinBIGIZ+sxLJE/ZzEvHT94JKizLx0a6BxUmjGOUNodHsLgAyeEgYx/eT83ILSktQi/cT01LyS+LzU0pKiVAAl/91EywAAAA==[0magent_neutre (linux squashtf docker) in workspace /var/jenkins_home/workspace/test_job/test_auto
using credential GitHub
 > git rev-parse --is-inside-work-tree # timeout=10
Fetching changes from the remote Git repository
 > git config remote.test_auto.url https://github.com/bart-the-wacky/test_auto.git # timeout=10
Fetching upstream changes from https://github.com/bart-the-wacky/test_auto.git
 > git --version # timeout=10
using GIT_ASKPASS to set credentials credentials pour Github
 > git fetch --tags --progress https://github.com/bart-the-wacky/test_auto.git +refs/heads/*:refs/remotes/test_auto/*
 > git rev-parse refs/remotes/test_auto/test_auto^{commit} # timeout=10
 > git rev-parse refs/remotes/test_auto/test_auto/test_auto^{commit} # timeout=10
Checking out Revision 6b7e8456e12a74a734c04b6cd646ca280dd93096 (refs/remotes/test_auto/test_auto)
 > git config core.sparsecheckout # timeout=10
 > git checkout -f 6b7e8456e12a74a734c04b6cd646ca280dd93096
Commit message: "nettoyage du reporting"
 > git rev-list --no-walk 6b7e8456e12a74a734c04b6cd646ca280dd93096 # timeout=10
Extended Email Publisher is currently disabled in project settings
Katalon Studio package has been downloaded already.
Using Katalon Studio at /home/jenkins/.katalon/6.2.1/Katalon_Studio_Linux_64-6.2.1
Making driver executables...
Drivers folder at: /home/jenkins/.katalon/6.2.1/Katalon_Studio_Linux_64-6.2.1/configuration/resources/drivers
Set chromedriver as executable !
Set geckodriver as executable !
Execute [sh, -c, xvfb-run -a -n 0 -s "-screen 0 1024x768x24" /home/jenkins/.katalon/6.2.1/Katalon_Studio_Linux_64-6.2.1/katalon -noSplash  -runMode=console  -browserType="Chrome" -retry=0 -statusDelay=15 -testSuitePath="Test Suites/test_init" -projectPath="/var/jenkins_home/workspace/test_job/test_auto" --config -webui.autoUpdateDrivers=true --no-sandbox -apiKey=4d90b6b4-8dcd-4242-968b-06128a89eaa2 -reportFolder="/var/jenkins_home/workspace/test_job/test_auto/Reports/test_init" -reportFileName="$BUILD_TAG_chrome" ] in /tmp/katalon-2106074138476048360
Katalon workspace folder is set to default location: /home/jenkins/.katalon/6.2.1/Katalon_Studio_Linux_64-6.2.1/config
Starting Groovy-Eclipse compiler resolver.  Specified compiler level: unspecified
170 2.4.7.xx-201611170128-e46 = ACTIVE


INFO: Katalon Version: 6.2.1
INFO: Command-line arguments: -runMode=console -browserType=Chrome -retry=0 -statusDelay=15 -testSuitePath=Test Suites/test_init -projectPath=/var/jenkins_home/workspace/test_job/test_auto --config -webui.autoUpdateDrivers=true --no-sandbox -apiKey=****** -reportFolder=/var/jenkins_home/workspace/test_job/test_auto/Reports/test_init -reportFileName=
INFO: User working dir: /tmp/katalon-2106074138476048360
INFO: User home: /home/jenkins
INFO: Java vendor: Oracle Corporation
INFO: Java version: 1.8.0_212
INFO: Local OS: Linux 64bit
INFO: CPU load: 97%
INFO: Total memory: 3948 MB
INFO: Free memory: 773 MB


joptsimple.OptionMissingRequiredArgumentException: Option reportFileName requires an argument
	at joptsimple.RequiredArgumentOptionSpec.detectOptionArgument(RequiredArgumentOptionSpec.java:48)
	at joptsimple.ArgumentAcceptingOptionSpec.handleOption(ArgumentAcceptingOptionSpec.java:257)
	at joptsimple.OptionParser.handleShortOptionToken(OptionParser.java:520)
	at joptsimple.OptionParserState$2.handleArgument(OptionParserState.java:59)
	at joptsimple.OptionParser.parse(OptionParser.java:396)
	at com.kms.katalon.execution.console.ConsoleMain.launch(ConsoleMain.java:95)
	at com.kms.katalon.console.application.Application.runConsole(Application.java:76)
	at com.kms.katalon.core.application.Application.runConsole(Application.java:87)
	at com.kms.katalon.core.application.Application.start(Application.java:70)
	at org.eclipse.equinox.internal.app.EclipseAppHandle.run(EclipseAppHandle.java:196)
	at org.eclipse.core.runtime.internal.adaptor.EclipseAppLauncher.runApplication(EclipseAppLauncher.java:134)
	at org.eclipse.core.runtime.internal.adaptor.EclipseAppLauncher.start(EclipseAppLauncher.java:104)
	at org.eclipse.core.runtime.adaptor.EclipseStarter.run(EclipseStarter.java:388)
	at org.eclipse.core.runtime.adaptor.EclipseStarter.run(EclipseStarter.java:243)
	at sun.reflect.NativeMethodAccessorImpl.invoke0(Native Method)
	at sun.reflect.NativeMethodAccessorImpl.invoke(NativeMethodAccessorImpl.java:62)
	at sun.reflect.DelegatingMethodAccessorImpl.invoke(DelegatingMethodAccessorImpl.java:43)
	at java.lang.reflect.Method.invoke(Method.java:498)
	at org.eclipse.equinox.launcher.Main.invokeFramework(Main.java:673)
	at org.eclipse.equinox.launcher.Main.basicRun(Main.java:610)
	at org.eclipse.equinox.launcher.Main.run(Main.java:1519)
	at org.eclipse.equinox.launcher.Main.main(Main.java:1492)

Build step 'Execute Katalon Studio Tests' marked build as failure
Archiving artifacts
[htmlpublisher] Archiving HTML reports...
[htmlpublisher] Archiving at BUILD level /var/jenkins_home/workspace/test_job/test_auto/Reports/test_firefox/$BUILD_TAG_firefox.html to /var/jenkins_home/jobs/test_job/builds/125/htmlreports/Rapport_20HTML_20pour_20firefox
[htmlpublisher] Archiving at BUILD level /var/jenkins_home/workspace/test_job/test_auto/Reports/test_chrome/$BUILD_TAG_chrome.html to /var/jenkins_home/jobs/test_job/builds/125/htmlreports/Rapport_20HTML_20pour_20chrome
Extended Email Publisher is currently disabled in project settings
[WS-CLEANUP] Deleting project workspace...
[WS-CLEANUP] Skipped based on build state FAILURE
Finished: FAILURE
